PDFiD 0.2.5 /drone/src/pdf/SEv2-c06.pdf
 PDF Header: %PDF-1.3
 obj                  214
 endobj               214
 stream                76
 endstream             76
 xref                   1
 trailer                1
 startxref              1
 /Page                 30
 /Encrypt               0
 /ObjStm                0
 /JS                    0
 /JavaScript            0
 /AA                    0
 /OpenAction            0
 /AcroForm              0
 /JBIG2Decode           0
 /RichMedia             0
 /Launch                0
 /EmbeddedFile          0
 /XFA                   0
 /URI                   0
 /Colors > 2^24         0

Triage plugin score:        0.00
Triage plugin instructions: Sample is likely not malicious, unless you suspect this is used in a targeted/sophisticated attack
Results:
Malicious: 
Clean: 1
Requires further analysis: 
number of samples: 1
PDFiD 0.2.5 /drone/src/pdf/SEv2-c06.pdf
 PDF Header: %PDF-1.3
 obj                  214
 endobj               214
 stream                76
 endstream             76
 xref                   1
 trailer                1
 startxref              1
 /Page                 30
 /Encrypt               0
 /ObjStm                0
 /JS                    0
 /JavaScript            0
 /AA                    0
 /OpenAction            0
 /AcroForm              0
 /JBIG2Decode           0
 /RichMedia             0
 /Launch                0
 /EmbeddedFile          0
 /XFA                   0
 /URI                   0
 /Colors > 2^24         0

Triage plugin score:        0.00
Triage plugin instructions: Sample is likely not malicious, unless you suspect this is used in a targeted/sophisticated attack
Results:
Malicious: 
Clean: 2
Requires further analysis: 
number of samples: 1
PDFiD 0.2.5 /drone/src/pdf/SEv2-c06.pdf
 PDF Header: %PDF-1.3
 obj                  214
 endobj               214
 stream                76
 endstream             76
 xref                   1
 trailer                1
 startxref              1
 /Page                 30
 /Encrypt               0
 /ObjStm                0
 /JS                    0
 /JavaScript            0
 /AA                    0
 /OpenAction            0
 /AcroForm              0
 /JBIG2Decode           0
 /RichMedia             0
 /Launch                0
 /EmbeddedFile          0
 /XFA                   0
 /URI                   0
 /Colors > 2^24         0

Triage plugin score:        0.00
Triage plugin instructions: Sample is likely not malicious, unless you suspect this is used in a targeted/sophisticated attack
Results:
Malicious: 
Clean: 3
Requires further analysis: 
number of samples: 1
PDFiD 0.2.5 /drone/src/pdf/SEv2-c06.pdf
 PDF Header: %PDF-1.3
 obj                  214
 endobj               214
 stream                76
 endstream             76
 xref                   1
 trailer                1
 startxref              1
 /Page                 30
 /Encrypt               0
 /ObjStm                0
 /JS                    0
 /JavaScript            0
 /AA                    0
 /OpenAction            0
 /AcroForm              0
 /JBIG2Decode           0
 /RichMedia             0
 /Launch                0
 /EmbeddedFile          0
 /XFA                   0
 /URI                   0
 /Colors > 2^24         0

Triage plugin score:        0.00
Triage plugin instructions: Sample is likely not malicious, unless you suspect this is used in a targeted/sophisticated attack
Results:
Malicious: 
Clean: 4
Requires further analysis: 
number of samples: 1
PDFiD 0.2.5 /drone/src/pdf/SEv2-c06.pdf
 PDF Header: %PDF-1.3
 obj                  214
 endobj               214
 stream                76
 endstream             76
 xref                   1
 trailer                1
 startxref              1
 /Page                 30
 /Encrypt               0
 /ObjStm                0
 /JS                    0
 /JavaScript            0
 /AA                    0
 /OpenAction            0
 /AcroForm              0
 /JBIG2Decode           0
 /RichMedia             0
 /Launch                0
 /EmbeddedFile          0
 /XFA                   0
 /URI                   0
 /Colors > 2^24         0

Triage plugin score:        0.00
Triage plugin instructions: Sample is likely not malicious, unless you suspect this is used in a targeted/sophisticated attack
Results:
Malicious: 
Clean: 5
Requires further analysis: 
number of samples: 1
PDFiD 0.2.5 /drone/src/pdf/SEv2-c06.pdf
 PDF Header: %PDF-1.3
 obj                  214
 endobj               214
 stream                76
 endstream             76
 xref                   1
 trailer                1
 startxref              1
 /Page                 30
 /Encrypt               0
 /ObjStm                0
 /JS                    0
 /JavaScript            0
 /AA                    0
 /OpenAction            0
 /AcroForm              0
 /JBIG2Decode           0
 /RichMedia             0
 /Launch                0
 /EmbeddedFile          0
 /XFA                   0
 /URI                   0
 /Colors > 2^24         0

Triage plugin score:        0.00
Triage plugin instructions: Sample is likely not malicious, unless you suspect this is used in a targeted/sophisticated attack
Results:
Malicious: 
Clean: 6
Requires further analysis: 
number of samples: 1
PDFiD 0.2.5 /drone/src/pdf/SEv2-c06.pdf
 PDF Header: %PDF-1.3
 obj                  214
 endobj               214
 stream                76
 endstream             76
 xref                   1
 trailer                1
 startxref              1
 /Page                 30
 /Encrypt               0
 /ObjStm                0
 /JS                    0
 /JavaScript            0
 /AA                    0
 /OpenAction            0
 /AcroForm              0
 /JBIG2Decode           0
 /RichMedia             0
 /Launch                0
 /EmbeddedFile          0
 /XFA                   0
 /URI                   0
 /Colors > 2^24         0

Triage plugin score:        0.00
Triage plugin instructions: Sample is likely not malicious, unless you suspect this is used in a targeted/sophisticated attack
Results:
Malicious: 
Clean: 7
Requires further analysis: 
number of samples: 1
PDFiD 0.2.5 /drone/src/pdf/SEv2-c06.pdf
 PDF Header: %PDF-1.3
 obj                  214
 endobj               214
 stream                76
 endstream             76
 xref                   1
 trailer                1
 startxref              1
 /Page                 30
 /Encrypt               0
 /ObjStm                0
 /JS                    0
 /JavaScript            0
 /AA                    0
 /OpenAction            0
 /AcroForm              0
 /JBIG2Decode           0
 /RichMedia             0
 /Launch                0
 /EmbeddedFile          0
 /XFA                   0
 /URI                   0
 /Colors > 2^24         0

Triage plugin score:        0.00
Triage plugin instructions: Sample is likely not malicious, unless you suspect this is used in a targeted/sophisticated attack
Results:
Malicious: 
Clean: 8
Requires further analysis: 
number of samples: 1
PDFiD 0.2.5 /drone/src/pdf/SEv2-c06.pdf
 PDF Header: %PDF-1.3
 obj                  214
 endobj               214
 stream                76
 endstream             76
 xref                   1
 trailer                1
 startxref              1
 /Page                 30
 /Encrypt               0
 /ObjStm                0
 /JS                    0
 /JavaScript            0
 /AA                    0
 /OpenAction            0
 /AcroForm              0
 /JBIG2Decode           0
 /RichMedia             0
 /Launch                0
 /EmbeddedFile          0
 /XFA                   0
 /URI                   0
 /Colors > 2^24         0

Triage plugin score:        0.00
Triage plugin instructions: Sample is likely not malicious, unless you suspect this is used in a targeted/sophisticated attack
Results:
Malicious: 
Clean: 9
Requires further analysis: 
number of samples: 1
PDFiD 0.2.5 /drone/src/pdf/SEv2-c06.pdf
 PDF Header: %PDF-1.3
 obj                  214
 endobj               214
 stream                76
 endstream             76
 xref                   1
 trailer                1
 startxref              1
 /Page                 30
 /Encrypt               0
 /ObjStm                0
 /JS                    0
 /JavaScript            0
 /AA                    0
 /OpenAction            0
 /AcroForm              0
 /JBIG2Decode           0
 /RichMedia             0
 /Launch                0
 /EmbeddedFile          0
 /XFA                   0
 /URI                   0
 /Colors > 2^24         0

Triage plugin score:        0.00
Triage plugin instructions: Sample is likely not malicious, unless you suspect this is used in a targeted/sophisticated attack
Results:
Malicious: 
Clean: 10
Requires further analysis: 
number of samples: 1
PDFiD 0.2.5 /drone/src/pdf/SEv2-c06.pdf
 PDF Header: %PDF-1.3
 obj                  214
 endobj               214
 stream                76
 endstream             76
 xref                   1
 trailer                1
 startxref              1
 /Page                 30
 /Encrypt               0
 /ObjStm                0
 /JS                    0
 /JavaScript            0
 /AA                    0
 /OpenAction            0
 /AcroForm              0
 /JBIG2Decode           0
 /RichMedia             0
 /Launch                0
 /EmbeddedFile          0
 /XFA                   0
 /URI                   0
 /Colors > 2^24         0

Triage plugin score:        0.00
Triage plugin instructions: Sample is likely not malicious, unless you suspect this is used in a targeted/sophisticated attack
Results:
Malicious: 
Clean: 11
Requires further analysis: 
number of samples: 1
PDFiD 0.2.5 /drone/src/pdf/SEv2-c06.pdf
 PDF Header: %PDF-1.3
 obj                  214
 endobj               214
 stream                76
 endstream             76
 xref                   1
 trailer                1
 startxref              1
 /Page                 30
 /Encrypt               0
 /ObjStm                0
 /JS                    0
 /JavaScript            0
 /AA                    0
 /OpenAction            0
 /AcroForm              0
 /JBIG2Decode           0
 /RichMedia             0
 /Launch                0
 /EmbeddedFile          0
 /XFA                   0
 /URI                   0
 /Colors > 2^24         0

Triage plugin score:        0.00
Triage plugin instructions: Sample is likely not malicious, unless you suspect this is used in a targeted/sophisticated attack
Results:
Malicious: 
Clean: 12
Requires further analysis: 
number of samples: 1
PDFiD 0.2.5 /drone/src/pdf/SEv2-c06.pdf
 PDF Header: %PDF-1.3
 obj                  214
 endobj               214
 stream                76
 endstream             76
 xref                   1
 trailer                1
 startxref              1
 /Page                 30
 /Encrypt               0
 /ObjStm                0
 /JS                    0
 /JavaScript            0
 /AA                    0
 /OpenAction            0
 /AcroForm              0
 /JBIG2Decode           0
 /RichMedia             0
 /Launch                0
 /EmbeddedFile          0
 /XFA                   0
 /URI                   0
 /Colors > 2^24         0

Triage plugin score:        0.00
Triage plugin instructions: Sample is likely not malicious, unless you suspect this is used in a targeted/sophisticated attack
Results:
Malicious: 
Clean: 13
Requires further analysis: 
number of samples: 1
PDFiD 0.2.5 /drone/src/pdf/SEv2-c06.pdf
 PDF Header: %PDF-1.3
 obj                  214
 endobj               214
 stream                76
 endstream             76
 xref                   1
 trailer                1
 startxref              1
 /Page                 30
 /Encrypt               0
 /ObjStm                0
 /JS                    0
 /JavaScript            0
 /AA                    0
 /OpenAction            0
 /AcroForm              0
 /JBIG2Decode           0
 /RichMedia             0
 /Launch                0
 /EmbeddedFile          0
 /XFA                   0
 /URI                   0
 /Colors > 2^24         0

Triage plugin score:        0.00
Triage plugin instructions: Sample is likely not malicious, unless you suspect this is used in a targeted/sophisticated attack
Results:
Malicious: 
Clean: 14
Requires further analysis: 
number of samples: 1
PDFiD 0.2.5 /drone/src/pdf/SEv2-c06.pdf
 PDF Header: %PDF-1.3
 obj                  214
 endobj               214
 stream                76
 endstream             76
 xref                   1
 trailer                1
 startxref              1
 /Page                 30
 /Encrypt               0
 /ObjStm                0
 /JS                    0
 /JavaScript            0
 /AA                    0
 /OpenAction            0
 /AcroForm              0
 /JBIG2Decode           0
 /RichMedia             0
 /Launch                0
 /EmbeddedFile          0
 /XFA                   0
 /URI                   0
 /Colors > 2^24         0

Triage plugin score:        0.00
Triage plugin instructions: Sample is likely not malicious, unless you suspect this is used in a targeted/sophisticated attack
Results:
Malicious: 
Clean: 15
Requires further analysis: 
number of samples: 1
PDFiD 0.2.5 /drone/src/pdf/pdf-with-shellcode.pdf
 PDF Header: %PDF-1.5
 obj                    6
 endobj                 6
 stream                 1
 endstream              1
 xref                   1
 trailer                1
 startxref              1
 /Page                  1(1)
 /Encrypt               0
 /ObjStm                0
 /JS                    1(1)
 /JavaScript            1(1)
 /AA                    0
 /OpenAction            1(1)
 /AcroForm              0
 /JBIG2Decode           0
 /RichMedia             0
 /Launch                0
 /EmbeddedFile          0
 /XFA                   0
 /URI                   0
 /Colors > 2^24         0

Triage plugin score:        1.00
Triage plugin instructions: Sample is likely malicious and requires further analysis
Results:
Malicious: 1
Clean: 15
Requires further analysis: 
number of samples: 1
