File: SEv2-c06.pdf
MD5: bfaa2e08ce611706094ac41c595e8933
SHA1: b9eb99fa4d5de8597e9acb93e1710bf6086c8e85
SHA256: b1cf64fe4f13d971556464a7d09a6c08ecbe3cb9140e90730dfffdc684e9fe40
Size: 353545 bytes
Detection: 0/56
Detection report: https://www.virustotal.com/file/b1cf64fe4f13d971556464a7d09a6c08ecbe3cb9140e90730dfffdc684e9fe40/analysis/1435488336/
Version: 1.3
Binary: True
Linearized: False
Encrypted: False
Updates: 0
Objects: 214
Streams: 76
URIs: 0
Comments: 0
Errors: 0

Version 0:
	Catalog: 148
	Info: 146
	Objects (214): [1, 2, 3, 4, 5, 6, 7, 8, 9, 10, 11, 12, 13, 14, 15, 16, 17, 18, 19, 20, 21, 22, 23, 24, 25, 26, 27, 28, 29, 30, 31, 32, 33, 34, 35, 36, 37, 38, 39, 40, 41, 42, 43, 44, 45, 46, 47, 48, 49, 50, 51, 52, 53, 54, 55, 56, 57, 58, 59, 60, 61, 62, 63, 64, 65, 66, 67, 68, 69, 70, 71, 72, 73, 74, 75, 76, 77, 78, 79, 80, 81, 82, 83, 84, 85, 86, 87, 88, 89, 90, 91, 92, 93, 94, 95, 96, 97, 98, 99, 100, 101, 102, 103, 104, 105, 106, 107, 108, 109, 110, 111, 112, 113, 114, 115, 116, 117, 118, 119, 120, 121, 122, 123, 124, 125, 126, 127, 128, 129, 130, 131, 132, 133, 134, 135, 136, 137, 138, 139, 140, 141, 142, 143, 144, 145, 146, 147, 148, 149, 150, 151, 152, 153, 154, 155, 156, 157, 158, 159, 160, 161, 162, 163, 164, 165, 166, 167, 168, 169, 170, 171, 172, 173, 174, 175, 176, 177, 178, 179, 180, 181, 182, 183, 184, 185, 186, 187, 188, 189, 190, 191, 192, 193, 194, 195, 196, 197, 198, 199, 200, 201, 202, 203, 204, 205, 206, 207, 208, 209, 210, 211, 212, 213, 214]
		Errors (1): [10]
	Streams (76): [2, 10, 14, 20, 23, 26, 29, 32, 35, 38, 42, 45, 50, 53, 56, 59, 62, 65, 68, 71, 74, 77, 81, 84, 87, 90, 93, 96, 99, 102, 105, 108, 110, 112, 114, 116, 118, 120, 122, 124, 126, 129, 131, 133, 147, 150, 152, 154, 156, 158, 160, 162, 164, 166, 168, 170, 172, 174, 176, 178, 180, 182, 184, 186, 188, 190, 192, 194, 196, 198, 200, 202, 204, 206, 208, 210]
		Encoded (75): [2, 10, 14, 20, 23, 26, 29, 32, 35, 38, 42, 45, 50, 53, 56, 59, 62, 65, 68, 71, 74, 77, 81, 84, 87, 90, 93, 96, 99, 102, 105, 108, 110, 112, 114, 116, 118, 120, 122, 124, 126, 129, 131, 133, 150, 152, 154, 156, 158, 160, 162, 164, 166, 168, 170, 172, 174, 176, 178, 180, 182, 184, 186, 188, 190, 192, 194, 196, 198, 200, 202, 204, 206, 208, 210]
		Decoding errors (1): [10]


File: SEv2-c06.pdf
MD5: bfaa2e08ce611706094ac41c595e8933
SHA1: b9eb99fa4d5de8597e9acb93e1710bf6086c8e85
SHA256: b1cf64fe4f13d971556464a7d09a6c08ecbe3cb9140e90730dfffdc684e9fe40
Size: 353545 bytes
Detection: 0/56
Detection report: https://www.virustotal.com/file/b1cf64fe4f13d971556464a7d09a6c08ecbe3cb9140e90730dfffdc684e9fe40/analysis/1435488336/
Version: 1.3
Binary: True
Linearized: False
Encrypted: False
Updates: 0
Objects: 214
Streams: 76
URIs: 0
Comments: 0
Errors: 0

Version 0:
	Catalog: 148
	Info: 146
	Objects (214): [1, 2, 3, 4, 5, 6, 7, 8, 9, 10, 11, 12, 13, 14, 15, 16, 17, 18, 19, 20, 21, 22, 23, 24, 25, 26, 27, 28, 29, 30, 31, 32, 33, 34, 35, 36, 37, 38, 39, 40, 41, 42, 43, 44, 45, 46, 47, 48, 49, 50, 51, 52, 53, 54, 55, 56, 57, 58, 59, 60, 61, 62, 63, 64, 65, 66, 67, 68, 69, 70, 71, 72, 73, 74, 75, 76, 77, 78, 79, 80, 81, 82, 83, 84, 85, 86, 87, 88, 89, 90, 91, 92, 93, 94, 95, 96, 97, 98, 99, 100, 101, 102, 103, 104, 105, 106, 107, 108, 109, 110, 111, 112, 113, 114, 115, 116, 117, 118, 119, 120, 121, 122, 123, 124, 125, 126, 127, 128, 129, 130, 131, 132, 133, 134, 135, 136, 137, 138, 139, 140, 141, 142, 143, 144, 145, 146, 147, 148, 149, 150, 151, 152, 153, 154, 155, 156, 157, 158, 159, 160, 161, 162, 163, 164, 165, 166, 167, 168, 169, 170, 171, 172, 173, 174, 175, 176, 177, 178, 179, 180, 181, 182, 183, 184, 185, 186, 187, 188, 189, 190, 191, 192, 193, 194, 195, 196, 197, 198, 199, 200, 201, 202, 203, 204, 205, 206, 207, 208, 209, 210, 211, 212, 213, 214]
		Errors (1): [10]
	Streams (76): [2, 10, 14, 20, 23, 26, 29, 32, 35, 38, 42, 45, 50, 53, 56, 59, 62, 65, 68, 71, 74, 77, 81, 84, 87, 90, 93, 96, 99, 102, 105, 108, 110, 112, 114, 116, 118, 120, 122, 124, 126, 129, 131, 133, 147, 150, 152, 154, 156, 158, 160, 162, 164, 166, 168, 170, 172, 174, 176, 178, 180, 182, 184, 186, 188, 190, 192, 194, 196, 198, 200, 202, 204, 206, 208, 210]
		Encoded (75): [2, 10, 14, 20, 23, 26, 29, 32, 35, 38, 42, 45, 50, 53, 56, 59, 62, 65, 68, 71, 74, 77, 81, 84, 87, 90, 93, 96, 99, 102, 105, 108, 110, 112, 114, 116, 118, 120, 122, 124, 126, 129, 131, 133, 150, 152, 154, 156, 158, 160, 162, 164, 166, 168, 170, 172, 174, 176, 178, 180, 182, 184, 186, 188, 190, 192, 194, 196, 198, 200, 202, 204, 206, 208, 210]
		Decoding errors (1): [10]


File: SEv2-c06.pdf
MD5: bfaa2e08ce611706094ac41c595e8933
SHA1: b9eb99fa4d5de8597e9acb93e1710bf6086c8e85
SHA256: b1cf64fe4f13d971556464a7d09a6c08ecbe3cb9140e90730dfffdc684e9fe40
Size: 353545 bytes
Detection: 0/56
Detection report: https://www.virustotal.com/file/b1cf64fe4f13d971556464a7d09a6c08ecbe3cb9140e90730dfffdc684e9fe40/analysis/1435488336/
Version: 1.3
Binary: True
Linearized: False
Encrypted: False
Updates: 0
Objects: 214
Streams: 76
URIs: 0
Comments: 0
Errors: 0

Version 0:
	Catalog: 148
	Info: 146
	Objects (214): [1, 2, 3, 4, 5, 6, 7, 8, 9, 10, 11, 12, 13, 14, 15, 16, 17, 18, 19, 20, 21, 22, 23, 24, 25, 26, 27, 28, 29, 30, 31, 32, 33, 34, 35, 36, 37, 38, 39, 40, 41, 42, 43, 44, 45, 46, 47, 48, 49, 50, 51, 52, 53, 54, 55, 56, 57, 58, 59, 60, 61, 62, 63, 64, 65, 66, 67, 68, 69, 70, 71, 72, 73, 74, 75, 76, 77, 78, 79, 80, 81, 82, 83, 84, 85, 86, 87, 88, 89, 90, 91, 92, 93, 94, 95, 96, 97, 98, 99, 100, 101, 102, 103, 104, 105, 106, 107, 108, 109, 110, 111, 112, 113, 114, 115, 116, 117, 118, 119, 120, 121, 122, 123, 124, 125, 126, 127, 128, 129, 130, 131, 132, 133, 134, 135, 136, 137, 138, 139, 140, 141, 142, 143, 144, 145, 146, 147, 148, 149, 150, 151, 152, 153, 154, 155, 156, 157, 158, 159, 160, 161, 162, 163, 164, 165, 166, 167, 168, 169, 170, 171, 172, 173, 174, 175, 176, 177, 178, 179, 180, 181, 182, 183, 184, 185, 186, 187, 188, 189, 190, 191, 192, 193, 194, 195, 196, 197, 198, 199, 200, 201, 202, 203, 204, 205, 206, 207, 208, 209, 210, 211, 212, 213, 214]
		Errors (1): [10]
	Streams (76): [2, 10, 14, 20, 23, 26, 29, 32, 35, 38, 42, 45, 50, 53, 56, 59, 62, 65, 68, 71, 74, 77, 81, 84, 87, 90, 93, 96, 99, 102, 105, 108, 110, 112, 114, 116, 118, 120, 122, 124, 126, 129, 131, 133, 147, 150, 152, 154, 156, 158, 160, 162, 164, 166, 168, 170, 172, 174, 176, 178, 180, 182, 184, 186, 188, 190, 192, 194, 196, 198, 200, 202, 204, 206, 208, 210]
		Encoded (75): [2, 10, 14, 20, 23, 26, 29, 32, 35, 38, 42, 45, 50, 53, 56, 59, 62, 65, 68, 71, 74, 77, 81, 84, 87, 90, 93, 96, 99, 102, 105, 108, 110, 112, 114, 116, 118, 120, 122, 124, 126, 129, 131, 133, 150, 152, 154, 156, 158, 160, 162, 164, 166, 168, 170, 172, 174, 176, 178, 180, 182, 184, 186, 188, 190, 192, 194, 196, 198, 200, 202, 204, 206, 208, 210]
		Decoding errors (1): [10]


File: SEv2-c06.pdf
MD5: bfaa2e08ce611706094ac41c595e8933
SHA1: b9eb99fa4d5de8597e9acb93e1710bf6086c8e85
SHA256: b1cf64fe4f13d971556464a7d09a6c08ecbe3cb9140e90730dfffdc684e9fe40
Size: 353545 bytes
Detection: 0/56
Detection report: https://www.virustotal.com/file/b1cf64fe4f13d971556464a7d09a6c08ecbe3cb9140e90730dfffdc684e9fe40/analysis/1435488336/
Version: 1.3
Binary: True
Linearized: False
Encrypted: False
Updates: 0
Objects: 214
Streams: 76
URIs: 0
Comments: 0
Errors: 0

Version 0:
	Catalog: 148
	Info: 146
	Objects (214): [1, 2, 3, 4, 5, 6, 7, 8, 9, 10, 11, 12, 13, 14, 15, 16, 17, 18, 19, 20, 21, 22, 23, 24, 25, 26, 27, 28, 29, 30, 31, 32, 33, 34, 35, 36, 37, 38, 39, 40, 41, 42, 43, 44, 45, 46, 47, 48, 49, 50, 51, 52, 53, 54, 55, 56, 57, 58, 59, 60, 61, 62, 63, 64, 65, 66, 67, 68, 69, 70, 71, 72, 73, 74, 75, 76, 77, 78, 79, 80, 81, 82, 83, 84, 85, 86, 87, 88, 89, 90, 91, 92, 93, 94, 95, 96, 97, 98, 99, 100, 101, 102, 103, 104, 105, 106, 107, 108, 109, 110, 111, 112, 113, 114, 115, 116, 117, 118, 119, 120, 121, 122, 123, 124, 125, 126, 127, 128, 129, 130, 131, 132, 133, 134, 135, 136, 137, 138, 139, 140, 141, 142, 143, 144, 145, 146, 147, 148, 149, 150, 151, 152, 153, 154, 155, 156, 157, 158, 159, 160, 161, 162, 163, 164, 165, 166, 167, 168, 169, 170, 171, 172, 173, 174, 175, 176, 177, 178, 179, 180, 181, 182, 183, 184, 185, 186, 187, 188, 189, 190, 191, 192, 193, 194, 195, 196, 197, 198, 199, 200, 201, 202, 203, 204, 205, 206, 207, 208, 209, 210, 211, 212, 213, 214]
		Errors (1): [10]
	Streams (76): [2, 10, 14, 20, 23, 26, 29, 32, 35, 38, 42, 45, 50, 53, 56, 59, 62, 65, 68, 71, 74, 77, 81, 84, 87, 90, 93, 96, 99, 102, 105, 108, 110, 112, 114, 116, 118, 120, 122, 124, 126, 129, 131, 133, 147, 150, 152, 154, 156, 158, 160, 162, 164, 166, 168, 170, 172, 174, 176, 178, 180, 182, 184, 186, 188, 190, 192, 194, 196, 198, 200, 202, 204, 206, 208, 210]
		Encoded (75): [2, 10, 14, 20, 23, 26, 29, 32, 35, 38, 42, 45, 50, 53, 56, 59, 62, 65, 68, 71, 74, 77, 81, 84, 87, 90, 93, 96, 99, 102, 105, 108, 110, 112, 114, 116, 118, 120, 122, 124, 126, 129, 131, 133, 150, 152, 154, 156, 158, 160, 162, 164, 166, 168, 170, 172, 174, 176, 178, 180, 182, 184, 186, 188, 190, 192, 194, 196, 198, 200, 202, 204, 206, 208, 210]
		Decoding errors (1): [10]


File: SEv2-c06.pdf
MD5: bfaa2e08ce611706094ac41c595e8933
SHA1: b9eb99fa4d5de8597e9acb93e1710bf6086c8e85
SHA256: b1cf64fe4f13d971556464a7d09a6c08ecbe3cb9140e90730dfffdc684e9fe40
Size: 353545 bytes
Detection: 0/56
Detection report: https://www.virustotal.com/file/b1cf64fe4f13d971556464a7d09a6c08ecbe3cb9140e90730dfffdc684e9fe40/analysis/1435488336/
Version: 1.3
Binary: True
Linearized: False
Encrypted: False
Updates: 0
Objects: 214
Streams: 76
URIs: 0
Comments: 0
Errors: 0

Version 0:
	Catalog: 148
	Info: 146
	Objects (214): [1, 2, 3, 4, 5, 6, 7, 8, 9, 10, 11, 12, 13, 14, 15, 16, 17, 18, 19, 20, 21, 22, 23, 24, 25, 26, 27, 28, 29, 30, 31, 32, 33, 34, 35, 36, 37, 38, 39, 40, 41, 42, 43, 44, 45, 46, 47, 48, 49, 50, 51, 52, 53, 54, 55, 56, 57, 58, 59, 60, 61, 62, 63, 64, 65, 66, 67, 68, 69, 70, 71, 72, 73, 74, 75, 76, 77, 78, 79, 80, 81, 82, 83, 84, 85, 86, 87, 88, 89, 90, 91, 92, 93, 94, 95, 96, 97, 98, 99, 100, 101, 102, 103, 104, 105, 106, 107, 108, 109, 110, 111, 112, 113, 114, 115, 116, 117, 118, 119, 120, 121, 122, 123, 124, 125, 126, 127, 128, 129, 130, 131, 132, 133, 134, 135, 136, 137, 138, 139, 140, 141, 142, 143, 144, 145, 146, 147, 148, 149, 150, 151, 152, 153, 154, 155, 156, 157, 158, 159, 160, 161, 162, 163, 164, 165, 166, 167, 168, 169, 170, 171, 172, 173, 174, 175, 176, 177, 178, 179, 180, 181, 182, 183, 184, 185, 186, 187, 188, 189, 190, 191, 192, 193, 194, 195, 196, 197, 198, 199, 200, 201, 202, 203, 204, 205, 206, 207, 208, 209, 210, 211, 212, 213, 214]
		Errors (1): [10]
	Streams (76): [2, 10, 14, 20, 23, 26, 29, 32, 35, 38, 42, 45, 50, 53, 56, 59, 62, 65, 68, 71, 74, 77, 81, 84, 87, 90, 93, 96, 99, 102, 105, 108, 110, 112, 114, 116, 118, 120, 122, 124, 126, 129, 131, 133, 147, 150, 152, 154, 156, 158, 160, 162, 164, 166, 168, 170, 172, 174, 176, 178, 180, 182, 184, 186, 188, 190, 192, 194, 196, 198, 200, 202, 204, 206, 208, 210]
		Encoded (75): [2, 10, 14, 20, 23, 26, 29, 32, 35, 38, 42, 45, 50, 53, 56, 59, 62, 65, 68, 71, 74, 77, 81, 84, 87, 90, 93, 96, 99, 102, 105, 108, 110, 112, 114, 116, 118, 120, 122, 124, 126, 129, 131, 133, 150, 152, 154, 156, 158, 160, 162, 164, 166, 168, 170, 172, 174, 176, 178, 180, 182, 184, 186, 188, 190, 192, 194, 196, 198, 200, 202, 204, 206, 208, 210]
		Decoding errors (1): [10]


File: SEv2-c06.pdf
MD5: bfaa2e08ce611706094ac41c595e8933
SHA1: b9eb99fa4d5de8597e9acb93e1710bf6086c8e85
SHA256: b1cf64fe4f13d971556464a7d09a6c08ecbe3cb9140e90730dfffdc684e9fe40
Size: 353545 bytes
Detection: 0/56
Detection report: https://www.virustotal.com/file/b1cf64fe4f13d971556464a7d09a6c08ecbe3cb9140e90730dfffdc684e9fe40/analysis/1435488336/
Version: 1.3
Binary: True
Linearized: False
Encrypted: False
Updates: 0
Objects: 214
Streams: 76
URIs: 0
Comments: 0
Errors: 0

Version 0:
	Catalog: 148
	Info: 146
	Objects (214): [1, 2, 3, 4, 5, 6, 7, 8, 9, 10, 11, 12, 13, 14, 15, 16, 17, 18, 19, 20, 21, 22, 23, 24, 25, 26, 27, 28, 29, 30, 31, 32, 33, 34, 35, 36, 37, 38, 39, 40, 41, 42, 43, 44, 45, 46, 47, 48, 49, 50, 51, 52, 53, 54, 55, 56, 57, 58, 59, 60, 61, 62, 63, 64, 65, 66, 67, 68, 69, 70, 71, 72, 73, 74, 75, 76, 77, 78, 79, 80, 81, 82, 83, 84, 85, 86, 87, 88, 89, 90, 91, 92, 93, 94, 95, 96, 97, 98, 99, 100, 101, 102, 103, 104, 105, 106, 107, 108, 109, 110, 111, 112, 113, 114, 115, 116, 117, 118, 119, 120, 121, 122, 123, 124, 125, 126, 127, 128, 129, 130, 131, 132, 133, 134, 135, 136, 137, 138, 139, 140, 141, 142, 143, 144, 145, 146, 147, 148, 149, 150, 151, 152, 153, 154, 155, 156, 157, 158, 159, 160, 161, 162, 163, 164, 165, 166, 167, 168, 169, 170, 171, 172, 173, 174, 175, 176, 177, 178, 179, 180, 181, 182, 183, 184, 185, 186, 187, 188, 189, 190, 191, 192, 193, 194, 195, 196, 197, 198, 199, 200, 201, 202, 203, 204, 205, 206, 207, 208, 209, 210, 211, 212, 213, 214]
		Errors (1): [10]
	Streams (76): [2, 10, 14, 20, 23, 26, 29, 32, 35, 38, 42, 45, 50, 53, 56, 59, 62, 65, 68, 71, 74, 77, 81, 84, 87, 90, 93, 96, 99, 102, 105, 108, 110, 112, 114, 116, 118, 120, 122, 124, 126, 129, 131, 133, 147, 150, 152, 154, 156, 158, 160, 162, 164, 166, 168, 170, 172, 174, 176, 178, 180, 182, 184, 186, 188, 190, 192, 194, 196, 198, 200, 202, 204, 206, 208, 210]
		Encoded (75): [2, 10, 14, 20, 23, 26, 29, 32, 35, 38, 42, 45, 50, 53, 56, 59, 62, 65, 68, 71, 74, 77, 81, 84, 87, 90, 93, 96, 99, 102, 105, 108, 110, 112, 114, 116, 118, 120, 122, 124, 126, 129, 131, 133, 150, 152, 154, 156, 158, 160, 162, 164, 166, 168, 170, 172, 174, 176, 178, 180, 182, 184, 186, 188, 190, 192, 194, 196, 198, 200, 202, 204, 206, 208, 210]
		Decoding errors (1): [10]


File: SEv2-c06.pdf
MD5: bfaa2e08ce611706094ac41c595e8933
SHA1: b9eb99fa4d5de8597e9acb93e1710bf6086c8e85
SHA256: b1cf64fe4f13d971556464a7d09a6c08ecbe3cb9140e90730dfffdc684e9fe40
Size: 353545 bytes
Detection: 0/56
Detection report: https://www.virustotal.com/file/b1cf64fe4f13d971556464a7d09a6c08ecbe3cb9140e90730dfffdc684e9fe40/analysis/1435488336/
Version: 1.3
Binary: True
Linearized: False
Encrypted: False
Updates: 0
Objects: 214
Streams: 76
URIs: 0
Comments: 0
Errors: 0

Version 0:
	Catalog: 148
	Info: 146
	Objects (214): [1, 2, 3, 4, 5, 6, 7, 8, 9, 10, 11, 12, 13, 14, 15, 16, 17, 18, 19, 20, 21, 22, 23, 24, 25, 26, 27, 28, 29, 30, 31, 32, 33, 34, 35, 36, 37, 38, 39, 40, 41, 42, 43, 44, 45, 46, 47, 48, 49, 50, 51, 52, 53, 54, 55, 56, 57, 58, 59, 60, 61, 62, 63, 64, 65, 66, 67, 68, 69, 70, 71, 72, 73, 74, 75, 76, 77, 78, 79, 80, 81, 82, 83, 84, 85, 86, 87, 88, 89, 90, 91, 92, 93, 94, 95, 96, 97, 98, 99, 100, 101, 102, 103, 104, 105, 106, 107, 108, 109, 110, 111, 112, 113, 114, 115, 116, 117, 118, 119, 120, 121, 122, 123, 124, 125, 126, 127, 128, 129, 130, 131, 132, 133, 134, 135, 136, 137, 138, 139, 140, 141, 142, 143, 144, 145, 146, 147, 148, 149, 150, 151, 152, 153, 154, 155, 156, 157, 158, 159, 160, 161, 162, 163, 164, 165, 166, 167, 168, 169, 170, 171, 172, 173, 174, 175, 176, 177, 178, 179, 180, 181, 182, 183, 184, 185, 186, 187, 188, 189, 190, 191, 192, 193, 194, 195, 196, 197, 198, 199, 200, 201, 202, 203, 204, 205, 206, 207, 208, 209, 210, 211, 212, 213, 214]
		Errors (1): [10]
	Streams (76): [2, 10, 14, 20, 23, 26, 29, 32, 35, 38, 42, 45, 50, 53, 56, 59, 62, 65, 68, 71, 74, 77, 81, 84, 87, 90, 93, 96, 99, 102, 105, 108, 110, 112, 114, 116, 118, 120, 122, 124, 126, 129, 131, 133, 147, 150, 152, 154, 156, 158, 160, 162, 164, 166, 168, 170, 172, 174, 176, 178, 180, 182, 184, 186, 188, 190, 192, 194, 196, 198, 200, 202, 204, 206, 208, 210]
		Encoded (75): [2, 10, 14, 20, 23, 26, 29, 32, 35, 38, 42, 45, 50, 53, 56, 59, 62, 65, 68, 71, 74, 77, 81, 84, 87, 90, 93, 96, 99, 102, 105, 108, 110, 112, 114, 116, 118, 120, 122, 124, 126, 129, 131, 133, 150, 152, 154, 156, 158, 160, 162, 164, 166, 168, 170, 172, 174, 176, 178, 180, 182, 184, 186, 188, 190, 192, 194, 196, 198, 200, 202, 204, 206, 208, 210]
		Decoding errors (1): [10]


File: SEv2-c06.pdf
MD5: bfaa2e08ce611706094ac41c595e8933
SHA1: b9eb99fa4d5de8597e9acb93e1710bf6086c8e85
SHA256: b1cf64fe4f13d971556464a7d09a6c08ecbe3cb9140e90730dfffdc684e9fe40
Size: 353545 bytes
Detection: 0/56
Detection report: https://www.virustotal.com/file/b1cf64fe4f13d971556464a7d09a6c08ecbe3cb9140e90730dfffdc684e9fe40/analysis/1435488336/
Version: 1.3
Binary: True
Linearized: False
Encrypted: False
Updates: 0
Objects: 214
Streams: 76
URIs: 0
Comments: 0
Errors: 0

Version 0:
	Catalog: 148
	Info: 146
	Objects (214): [1, 2, 3, 4, 5, 6, 7, 8, 9, 10, 11, 12, 13, 14, 15, 16, 17, 18, 19, 20, 21, 22, 23, 24, 25, 26, 27, 28, 29, 30, 31, 32, 33, 34, 35, 36, 37, 38, 39, 40, 41, 42, 43, 44, 45, 46, 47, 48, 49, 50, 51, 52, 53, 54, 55, 56, 57, 58, 59, 60, 61, 62, 63, 64, 65, 66, 67, 68, 69, 70, 71, 72, 73, 74, 75, 76, 77, 78, 79, 80, 81, 82, 83, 84, 85, 86, 87, 88, 89, 90, 91, 92, 93, 94, 95, 96, 97, 98, 99, 100, 101, 102, 103, 104, 105, 106, 107, 108, 109, 110, 111, 112, 113, 114, 115, 116, 117, 118, 119, 120, 121, 122, 123, 124, 125, 126, 127, 128, 129, 130, 131, 132, 133, 134, 135, 136, 137, 138, 139, 140, 141, 142, 143, 144, 145, 146, 147, 148, 149, 150, 151, 152, 153, 154, 155, 156, 157, 158, 159, 160, 161, 162, 163, 164, 165, 166, 167, 168, 169, 170, 171, 172, 173, 174, 175, 176, 177, 178, 179, 180, 181, 182, 183, 184, 185, 186, 187, 188, 189, 190, 191, 192, 193, 194, 195, 196, 197, 198, 199, 200, 201, 202, 203, 204, 205, 206, 207, 208, 209, 210, 211, 212, 213, 214]
		Errors (1): [10]
	Streams (76): [2, 10, 14, 20, 23, 26, 29, 32, 35, 38, 42, 45, 50, 53, 56, 59, 62, 65, 68, 71, 74, 77, 81, 84, 87, 90, 93, 96, 99, 102, 105, 108, 110, 112, 114, 116, 118, 120, 122, 124, 126, 129, 131, 133, 147, 150, 152, 154, 156, 158, 160, 162, 164, 166, 168, 170, 172, 174, 176, 178, 180, 182, 184, 186, 188, 190, 192, 194, 196, 198, 200, 202, 204, 206, 208, 210]
		Encoded (75): [2, 10, 14, 20, 23, 26, 29, 32, 35, 38, 42, 45, 50, 53, 56, 59, 62, 65, 68, 71, 74, 77, 81, 84, 87, 90, 93, 96, 99, 102, 105, 108, 110, 112, 114, 116, 118, 120, 122, 124, 126, 129, 131, 133, 150, 152, 154, 156, 158, 160, 162, 164, 166, 168, 170, 172, 174, 176, 178, 180, 182, 184, 186, 188, 190, 192, 194, 196, 198, 200, 202, 204, 206, 208, 210]
		Decoding errors (1): [10]


File: SEv2-c06.pdf
MD5: bfaa2e08ce611706094ac41c595e8933
SHA1: b9eb99fa4d5de8597e9acb93e1710bf6086c8e85
SHA256: b1cf64fe4f13d971556464a7d09a6c08ecbe3cb9140e90730dfffdc684e9fe40
Size: 353545 bytes
Detection: 0/56
Detection report: https://www.virustotal.com/file/b1cf64fe4f13d971556464a7d09a6c08ecbe3cb9140e90730dfffdc684e9fe40/analysis/1435488336/
Version: 1.3
Binary: True
Linearized: False
Encrypted: False
Updates: 0
Objects: 214
Streams: 76
URIs: 0
Comments: 0
Errors: 0

Version 0:
	Catalog: 148
	Info: 146
	Objects (214): [1, 2, 3, 4, 5, 6, 7, 8, 9, 10, 11, 12, 13, 14, 15, 16, 17, 18, 19, 20, 21, 22, 23, 24, 25, 26, 27, 28, 29, 30, 31, 32, 33, 34, 35, 36, 37, 38, 39, 40, 41, 42, 43, 44, 45, 46, 47, 48, 49, 50, 51, 52, 53, 54, 55, 56, 57, 58, 59, 60, 61, 62, 63, 64, 65, 66, 67, 68, 69, 70, 71, 72, 73, 74, 75, 76, 77, 78, 79, 80, 81, 82, 83, 84, 85, 86, 87, 88, 89, 90, 91, 92, 93, 94, 95, 96, 97, 98, 99, 100, 101, 102, 103, 104, 105, 106, 107, 108, 109, 110, 111, 112, 113, 114, 115, 116, 117, 118, 119, 120, 121, 122, 123, 124, 125, 126, 127, 128, 129, 130, 131, 132, 133, 134, 135, 136, 137, 138, 139, 140, 141, 142, 143, 144, 145, 146, 147, 148, 149, 150, 151, 152, 153, 154, 155, 156, 157, 158, 159, 160, 161, 162, 163, 164, 165, 166, 167, 168, 169, 170, 171, 172, 173, 174, 175, 176, 177, 178, 179, 180, 181, 182, 183, 184, 185, 186, 187, 188, 189, 190, 191, 192, 193, 194, 195, 196, 197, 198, 199, 200, 201, 202, 203, 204, 205, 206, 207, 208, 209, 210, 211, 212, 213, 214]
		Errors (1): [10]
	Streams (76): [2, 10, 14, 20, 23, 26, 29, 32, 35, 38, 42, 45, 50, 53, 56, 59, 62, 65, 68, 71, 74, 77, 81, 84, 87, 90, 93, 96, 99, 102, 105, 108, 110, 112, 114, 116, 118, 120, 122, 124, 126, 129, 131, 133, 147, 150, 152, 154, 156, 158, 160, 162, 164, 166, 168, 170, 172, 174, 176, 178, 180, 182, 184, 186, 188, 190, 192, 194, 196, 198, 200, 202, 204, 206, 208, 210]
		Encoded (75): [2, 10, 14, 20, 23, 26, 29, 32, 35, 38, 42, 45, 50, 53, 56, 59, 62, 65, 68, 71, 74, 77, 81, 84, 87, 90, 93, 96, 99, 102, 105, 108, 110, 112, 114, 116, 118, 120, 122, 124, 126, 129, 131, 133, 150, 152, 154, 156, 158, 160, 162, 164, 166, 168, 170, 172, 174, 176, 178, 180, 182, 184, 186, 188, 190, 192, 194, 196, 198, 200, 202, 204, 206, 208, 210]
		Decoding errors (1): [10]


File: SEv2-c06.pdf
MD5: bfaa2e08ce611706094ac41c595e8933
SHA1: b9eb99fa4d5de8597e9acb93e1710bf6086c8e85
SHA256: b1cf64fe4f13d971556464a7d09a6c08ecbe3cb9140e90730dfffdc684e9fe40
Size: 353545 bytes
Detection: 0/56
Detection report: https://www.virustotal.com/file/b1cf64fe4f13d971556464a7d09a6c08ecbe3cb9140e90730dfffdc684e9fe40/analysis/1435488336/
Version: 1.3
Binary: True
Linearized: False
Encrypted: False
Updates: 0
Objects: 214
Streams: 76
URIs: 0
Comments: 0
Errors: 0

Version 0:
	Catalog: 148
	Info: 146
	Objects (214): [1, 2, 3, 4, 5, 6, 7, 8, 9, 10, 11, 12, 13, 14, 15, 16, 17, 18, 19, 20, 21, 22, 23, 24, 25, 26, 27, 28, 29, 30, 31, 32, 33, 34, 35, 36, 37, 38, 39, 40, 41, 42, 43, 44, 45, 46, 47, 48, 49, 50, 51, 52, 53, 54, 55, 56, 57, 58, 59, 60, 61, 62, 63, 64, 65, 66, 67, 68, 69, 70, 71, 72, 73, 74, 75, 76, 77, 78, 79, 80, 81, 82, 83, 84, 85, 86, 87, 88, 89, 90, 91, 92, 93, 94, 95, 96, 97, 98, 99, 100, 101, 102, 103, 104, 105, 106, 107, 108, 109, 110, 111, 112, 113, 114, 115, 116, 117, 118, 119, 120, 121, 122, 123, 124, 125, 126, 127, 128, 129, 130, 131, 132, 133, 134, 135, 136, 137, 138, 139, 140, 141, 142, 143, 144, 145, 146, 147, 148, 149, 150, 151, 152, 153, 154, 155, 156, 157, 158, 159, 160, 161, 162, 163, 164, 165, 166, 167, 168, 169, 170, 171, 172, 173, 174, 175, 176, 177, 178, 179, 180, 181, 182, 183, 184, 185, 186, 187, 188, 189, 190, 191, 192, 193, 194, 195, 196, 197, 198, 199, 200, 201, 202, 203, 204, 205, 206, 207, 208, 209, 210, 211, 212, 213, 214]
		Errors (1): [10]
	Streams (76): [2, 10, 14, 20, 23, 26, 29, 32, 35, 38, 42, 45, 50, 53, 56, 59, 62, 65, 68, 71, 74, 77, 81, 84, 87, 90, 93, 96, 99, 102, 105, 108, 110, 112, 114, 116, 118, 120, 122, 124, 126, 129, 131, 133, 147, 150, 152, 154, 156, 158, 160, 162, 164, 166, 168, 170, 172, 174, 176, 178, 180, 182, 184, 186, 188, 190, 192, 194, 196, 198, 200, 202, 204, 206, 208, 210]
		Encoded (75): [2, 10, 14, 20, 23, 26, 29, 32, 35, 38, 42, 45, 50, 53, 56, 59, 62, 65, 68, 71, 74, 77, 81, 84, 87, 90, 93, 96, 99, 102, 105, 108, 110, 112, 114, 116, 118, 120, 122, 124, 126, 129, 131, 133, 150, 152, 154, 156, 158, 160, 162, 164, 166, 168, 170, 172, 174, 176, 178, 180, 182, 184, 186, 188, 190, 192, 194, 196, 198, 200, 202, 204, 206, 208, 210]
		Decoding errors (1): [10]


File: SEv2-c06.pdf
MD5: bfaa2e08ce611706094ac41c595e8933
SHA1: b9eb99fa4d5de8597e9acb93e1710bf6086c8e85
SHA256: b1cf64fe4f13d971556464a7d09a6c08ecbe3cb9140e90730dfffdc684e9fe40
Size: 353545 bytes
Detection: 0/56
Detection report: https://www.virustotal.com/file/b1cf64fe4f13d971556464a7d09a6c08ecbe3cb9140e90730dfffdc684e9fe40/analysis/1435488336/
Version: 1.3
Binary: True
Linearized: False
Encrypted: False
Updates: 0
Objects: 214
Streams: 76
URIs: 0
Comments: 0
Errors: 0

Version 0:
	Catalog: 148
	Info: 146
	Objects (214): [1, 2, 3, 4, 5, 6, 7, 8, 9, 10, 11, 12, 13, 14, 15, 16, 17, 18, 19, 20, 21, 22, 23, 24, 25, 26, 27, 28, 29, 30, 31, 32, 33, 34, 35, 36, 37, 38, 39, 40, 41, 42, 43, 44, 45, 46, 47, 48, 49, 50, 51, 52, 53, 54, 55, 56, 57, 58, 59, 60, 61, 62, 63, 64, 65, 66, 67, 68, 69, 70, 71, 72, 73, 74, 75, 76, 77, 78, 79, 80, 81, 82, 83, 84, 85, 86, 87, 88, 89, 90, 91, 92, 93, 94, 95, 96, 97, 98, 99, 100, 101, 102, 103, 104, 105, 106, 107, 108, 109, 110, 111, 112, 113, 114, 115, 116, 117, 118, 119, 120, 121, 122, 123, 124, 125, 126, 127, 128, 129, 130, 131, 132, 133, 134, 135, 136, 137, 138, 139, 140, 141, 142, 143, 144, 145, 146, 147, 148, 149, 150, 151, 152, 153, 154, 155, 156, 157, 158, 159, 160, 161, 162, 163, 164, 165, 166, 167, 168, 169, 170, 171, 172, 173, 174, 175, 176, 177, 178, 179, 180, 181, 182, 183, 184, 185, 186, 187, 188, 189, 190, 191, 192, 193, 194, 195, 196, 197, 198, 199, 200, 201, 202, 203, 204, 205, 206, 207, 208, 209, 210, 211, 212, 213, 214]
		Errors (1): [10]
	Streams (76): [2, 10, 14, 20, 23, 26, 29, 32, 35, 38, 42, 45, 50, 53, 56, 59, 62, 65, 68, 71, 74, 77, 81, 84, 87, 90, 93, 96, 99, 102, 105, 108, 110, 112, 114, 116, 118, 120, 122, 124, 126, 129, 131, 133, 147, 150, 152, 154, 156, 158, 160, 162, 164, 166, 168, 170, 172, 174, 176, 178, 180, 182, 184, 186, 188, 190, 192, 194, 196, 198, 200, 202, 204, 206, 208, 210]
		Encoded (75): [2, 10, 14, 20, 23, 26, 29, 32, 35, 38, 42, 45, 50, 53, 56, 59, 62, 65, 68, 71, 74, 77, 81, 84, 87, 90, 93, 96, 99, 102, 105, 108, 110, 112, 114, 116, 118, 120, 122, 124, 126, 129, 131, 133, 150, 152, 154, 156, 158, 160, 162, 164, 166, 168, 170, 172, 174, 176, 178, 180, 182, 184, 186, 188, 190, 192, 194, 196, 198, 200, 202, 204, 206, 208, 210]
		Decoding errors (1): [10]


File: SEv2-c06.pdf
MD5: bfaa2e08ce611706094ac41c595e8933
SHA1: b9eb99fa4d5de8597e9acb93e1710bf6086c8e85
SHA256: b1cf64fe4f13d971556464a7d09a6c08ecbe3cb9140e90730dfffdc684e9fe40
Size: 353545 bytes
Detection: 0/56
Detection report: https://www.virustotal.com/file/b1cf64fe4f13d971556464a7d09a6c08ecbe3cb9140e90730dfffdc684e9fe40/analysis/1435488336/
Version: 1.3
Binary: True
Linearized: False
Encrypted: False
Updates: 0
Objects: 214
Streams: 76
URIs: 0
Comments: 0
Errors: 0

Version 0:
	Catalog: 148
	Info: 146
	Objects (214): [1, 2, 3, 4, 5, 6, 7, 8, 9, 10, 11, 12, 13, 14, 15, 16, 17, 18, 19, 20, 21, 22, 23, 24, 25, 26, 27, 28, 29, 30, 31, 32, 33, 34, 35, 36, 37, 38, 39, 40, 41, 42, 43, 44, 45, 46, 47, 48, 49, 50, 51, 52, 53, 54, 55, 56, 57, 58, 59, 60, 61, 62, 63, 64, 65, 66, 67, 68, 69, 70, 71, 72, 73, 74, 75, 76, 77, 78, 79, 80, 81, 82, 83, 84, 85, 86, 87, 88, 89, 90, 91, 92, 93, 94, 95, 96, 97, 98, 99, 100, 101, 102, 103, 104, 105, 106, 107, 108, 109, 110, 111, 112, 113, 114, 115, 116, 117, 118, 119, 120, 121, 122, 123, 124, 125, 126, 127, 128, 129, 130, 131, 132, 133, 134, 135, 136, 137, 138, 139, 140, 141, 142, 143, 144, 145, 146, 147, 148, 149, 150, 151, 152, 153, 154, 155, 156, 157, 158, 159, 160, 161, 162, 163, 164, 165, 166, 167, 168, 169, 170, 171, 172, 173, 174, 175, 176, 177, 178, 179, 180, 181, 182, 183, 184, 185, 186, 187, 188, 189, 190, 191, 192, 193, 194, 195, 196, 197, 198, 199, 200, 201, 202, 203, 204, 205, 206, 207, 208, 209, 210, 211, 212, 213, 214]
		Errors (1): [10]
	Streams (76): [2, 10, 14, 20, 23, 26, 29, 32, 35, 38, 42, 45, 50, 53, 56, 59, 62, 65, 68, 71, 74, 77, 81, 84, 87, 90, 93, 96, 99, 102, 105, 108, 110, 112, 114, 116, 118, 120, 122, 124, 126, 129, 131, 133, 147, 150, 152, 154, 156, 158, 160, 162, 164, 166, 168, 170, 172, 174, 176, 178, 180, 182, 184, 186, 188, 190, 192, 194, 196, 198, 200, 202, 204, 206, 208, 210]
		Encoded (75): [2, 10, 14, 20, 23, 26, 29, 32, 35, 38, 42, 45, 50, 53, 56, 59, 62, 65, 68, 71, 74, 77, 81, 84, 87, 90, 93, 96, 99, 102, 105, 108, 110, 112, 114, 116, 118, 120, 122, 124, 126, 129, 131, 133, 150, 152, 154, 156, 158, 160, 162, 164, 166, 168, 170, 172, 174, 176, 178, 180, 182, 184, 186, 188, 190, 192, 194, 196, 198, 200, 202, 204, 206, 208, 210]
		Decoding errors (1): [10]


File: SEv2-c06.pdf
MD5: bfaa2e08ce611706094ac41c595e8933
SHA1: b9eb99fa4d5de8597e9acb93e1710bf6086c8e85
SHA256: b1cf64fe4f13d971556464a7d09a6c08ecbe3cb9140e90730dfffdc684e9fe40
Size: 353545 bytes
Detection: 0/56
Detection report: https://www.virustotal.com/file/b1cf64fe4f13d971556464a7d09a6c08ecbe3cb9140e90730dfffdc684e9fe40/analysis/1435488336/
Version: 1.3
Binary: True
Linearized: False
Encrypted: False
Updates: 0
Objects: 214
Streams: 76
URIs: 0
Comments: 0
Errors: 0

Version 0:
	Catalog: 148
	Info: 146
	Objects (214): [1, 2, 3, 4, 5, 6, 7, 8, 9, 10, 11, 12, 13, 14, 15, 16, 17, 18, 19, 20, 21, 22, 23, 24, 25, 26, 27, 28, 29, 30, 31, 32, 33, 34, 35, 36, 37, 38, 39, 40, 41, 42, 43, 44, 45, 46, 47, 48, 49, 50, 51, 52, 53, 54, 55, 56, 57, 58, 59, 60, 61, 62, 63, 64, 65, 66, 67, 68, 69, 70, 71, 72, 73, 74, 75, 76, 77, 78, 79, 80, 81, 82, 83, 84, 85, 86, 87, 88, 89, 90, 91, 92, 93, 94, 95, 96, 97, 98, 99, 100, 101, 102, 103, 104, 105, 106, 107, 108, 109, 110, 111, 112, 113, 114, 115, 116, 117, 118, 119, 120, 121, 122, 123, 124, 125, 126, 127, 128, 129, 130, 131, 132, 133, 134, 135, 136, 137, 138, 139, 140, 141, 142, 143, 144, 145, 146, 147, 148, 149, 150, 151, 152, 153, 154, 155, 156, 157, 158, 159, 160, 161, 162, 163, 164, 165, 166, 167, 168, 169, 170, 171, 172, 173, 174, 175, 176, 177, 178, 179, 180, 181, 182, 183, 184, 185, 186, 187, 188, 189, 190, 191, 192, 193, 194, 195, 196, 197, 198, 199, 200, 201, 202, 203, 204, 205, 206, 207, 208, 209, 210, 211, 212, 213, 214]
		Errors (1): [10]
	Streams (76): [2, 10, 14, 20, 23, 26, 29, 32, 35, 38, 42, 45, 50, 53, 56, 59, 62, 65, 68, 71, 74, 77, 81, 84, 87, 90, 93, 96, 99, 102, 105, 108, 110, 112, 114, 116, 118, 120, 122, 124, 126, 129, 131, 133, 147, 150, 152, 154, 156, 158, 160, 162, 164, 166, 168, 170, 172, 174, 176, 178, 180, 182, 184, 186, 188, 190, 192, 194, 196, 198, 200, 202, 204, 206, 208, 210]
		Encoded (75): [2, 10, 14, 20, 23, 26, 29, 32, 35, 38, 42, 45, 50, 53, 56, 59, 62, 65, 68, 71, 74, 77, 81, 84, 87, 90, 93, 96, 99, 102, 105, 108, 110, 112, 114, 116, 118, 120, 122, 124, 126, 129, 131, 133, 150, 152, 154, 156, 158, 160, 162, 164, 166, 168, 170, 172, 174, 176, 178, 180, 182, 184, 186, 188, 190, 192, 194, 196, 198, 200, 202, 204, 206, 208, 210]
		Decoding errors (1): [10]


File: SEv2-c06.pdf
MD5: bfaa2e08ce611706094ac41c595e8933
SHA1: b9eb99fa4d5de8597e9acb93e1710bf6086c8e85
SHA256: b1cf64fe4f13d971556464a7d09a6c08ecbe3cb9140e90730dfffdc684e9fe40
Size: 353545 bytes
Detection: 0/56
Detection report: https://www.virustotal.com/file/b1cf64fe4f13d971556464a7d09a6c08ecbe3cb9140e90730dfffdc684e9fe40/analysis/1435488336/
Version: 1.3
Binary: True
Linearized: False
Encrypted: False
Updates: 0
Objects: 214
Streams: 76
URIs: 0
Comments: 0
Errors: 0

Version 0:
	Catalog: 148
	Info: 146
	Objects (214): [1, 2, 3, 4, 5, 6, 7, 8, 9, 10, 11, 12, 13, 14, 15, 16, 17, 18, 19, 20, 21, 22, 23, 24, 25, 26, 27, 28, 29, 30, 31, 32, 33, 34, 35, 36, 37, 38, 39, 40, 41, 42, 43, 44, 45, 46, 47, 48, 49, 50, 51, 52, 53, 54, 55, 56, 57, 58, 59, 60, 61, 62, 63, 64, 65, 66, 67, 68, 69, 70, 71, 72, 73, 74, 75, 76, 77, 78, 79, 80, 81, 82, 83, 84, 85, 86, 87, 88, 89, 90, 91, 92, 93, 94, 95, 96, 97, 98, 99, 100, 101, 102, 103, 104, 105, 106, 107, 108, 109, 110, 111, 112, 113, 114, 115, 116, 117, 118, 119, 120, 121, 122, 123, 124, 125, 126, 127, 128, 129, 130, 131, 132, 133, 134, 135, 136, 137, 138, 139, 140, 141, 142, 143, 144, 145, 146, 147, 148, 149, 150, 151, 152, 153, 154, 155, 156, 157, 158, 159, 160, 161, 162, 163, 164, 165, 166, 167, 168, 169, 170, 171, 172, 173, 174, 175, 176, 177, 178, 179, 180, 181, 182, 183, 184, 185, 186, 187, 188, 189, 190, 191, 192, 193, 194, 195, 196, 197, 198, 199, 200, 201, 202, 203, 204, 205, 206, 207, 208, 209, 210, 211, 212, 213, 214]
		Errors (1): [10]
	Streams (76): [2, 10, 14, 20, 23, 26, 29, 32, 35, 38, 42, 45, 50, 53, 56, 59, 62, 65, 68, 71, 74, 77, 81, 84, 87, 90, 93, 96, 99, 102, 105, 108, 110, 112, 114, 116, 118, 120, 122, 124, 126, 129, 131, 133, 147, 150, 152, 154, 156, 158, 160, 162, 164, 166, 168, 170, 172, 174, 176, 178, 180, 182, 184, 186, 188, 190, 192, 194, 196, 198, 200, 202, 204, 206, 208, 210]
		Encoded (75): [2, 10, 14, 20, 23, 26, 29, 32, 35, 38, 42, 45, 50, 53, 56, 59, 62, 65, 68, 71, 74, 77, 81, 84, 87, 90, 93, 96, 99, 102, 105, 108, 110, 112, 114, 116, 118, 120, 122, 124, 126, 129, 131, 133, 150, 152, 154, 156, 158, 160, 162, 164, 166, 168, 170, 172, 174, 176, 178, 180, 182, 184, 186, 188, 190, 192, 194, 196, 198, 200, 202, 204, 206, 208, 210]
		Decoding errors (1): [10]


File: SEv2-c06.pdf
MD5: bfaa2e08ce611706094ac41c595e8933
SHA1: b9eb99fa4d5de8597e9acb93e1710bf6086c8e85
SHA256: b1cf64fe4f13d971556464a7d09a6c08ecbe3cb9140e90730dfffdc684e9fe40
Size: 353545 bytes
Detection: 0/56
Detection report: https://www.virustotal.com/file/b1cf64fe4f13d971556464a7d09a6c08ecbe3cb9140e90730dfffdc684e9fe40/analysis/1435488336/
Version: 1.3
Binary: True
Linearized: False
Encrypted: False
Updates: 0
Objects: 214
Streams: 76
URIs: 0
Comments: 0
Errors: 0

Version 0:
	Catalog: 148
	Info: 146
	Objects (214): [1, 2, 3, 4, 5, 6, 7, 8, 9, 10, 11, 12, 13, 14, 15, 16, 17, 18, 19, 20, 21, 22, 23, 24, 25, 26, 27, 28, 29, 30, 31, 32, 33, 34, 35, 36, 37, 38, 39, 40, 41, 42, 43, 44, 45, 46, 47, 48, 49, 50, 51, 52, 53, 54, 55, 56, 57, 58, 59, 60, 61, 62, 63, 64, 65, 66, 67, 68, 69, 70, 71, 72, 73, 74, 75, 76, 77, 78, 79, 80, 81, 82, 83, 84, 85, 86, 87, 88, 89, 90, 91, 92, 93, 94, 95, 96, 97, 98, 99, 100, 101, 102, 103, 104, 105, 106, 107, 108, 109, 110, 111, 112, 113, 114, 115, 116, 117, 118, 119, 120, 121, 122, 123, 124, 125, 126, 127, 128, 129, 130, 131, 132, 133, 134, 135, 136, 137, 138, 139, 140, 141, 142, 143, 144, 145, 146, 147, 148, 149, 150, 151, 152, 153, 154, 155, 156, 157, 158, 159, 160, 161, 162, 163, 164, 165, 166, 167, 168, 169, 170, 171, 172, 173, 174, 175, 176, 177, 178, 179, 180, 181, 182, 183, 184, 185, 186, 187, 188, 189, 190, 191, 192, 193, 194, 195, 196, 197, 198, 199, 200, 201, 202, 203, 204, 205, 206, 207, 208, 209, 210, 211, 212, 213, 214]
		Errors (1): [10]
	Streams (76): [2, 10, 14, 20, 23, 26, 29, 32, 35, 38, 42, 45, 50, 53, 56, 59, 62, 65, 68, 71, 74, 77, 81, 84, 87, 90, 93, 96, 99, 102, 105, 108, 110, 112, 114, 116, 118, 120, 122, 124, 126, 129, 131, 133, 147, 150, 152, 154, 156, 158, 160, 162, 164, 166, 168, 170, 172, 174, 176, 178, 180, 182, 184, 186, 188, 190, 192, 194, 196, 198, 200, 202, 204, 206, 208, 210]
		Encoded (75): [2, 10, 14, 20, 23, 26, 29, 32, 35, 38, 42, 45, 50, 53, 56, 59, 62, 65, 68, 71, 74, 77, 81, 84, 87, 90, 93, 96, 99, 102, 105, 108, 110, 112, 114, 116, 118, 120, 122, 124, 126, 129, 131, 133, 150, 152, 154, 156, 158, 160, 162, 164, 166, 168, 170, 172, 174, 176, 178, 180, 182, 184, 186, 188, 190, 192, 194, 196, 198, 200, 202, 204, 206, 208, 210]
		Decoding errors (1): [10]


File: pdf-with-shellcode.pdf
MD5: b8f03f1896b14e79382c6670d6e2342c
SHA1: edd629b4268281ea92537f3a13cb9e76d1b959b8
SHA256: d384946d9ab39ac83161ab304ab0cbf36f0db41843ab6f4a0e360eb2a00c5f1c
Size: 6604 bytes
Detection: File not found on VirusTotal
Version: 1.5
Binary: True
Linearized: False
Encrypted: False
Updates: 0
Objects: 6
Streams: 1
URIs: 0
Comments: 0
Errors: 0

Version 0:
	Catalog: 1
	Info: No
	Objects (6): [1, 2, 3, 4, 5, 6]
		Errors (1): [6]
	Streams (1): [6]
		Encoded (1): [6]
	Objects with JS code (1): [6]
	Suspicious elements:
		/OpenAction (1): [1]
		/JS (1): [5]
		/JavaScript (1): [5]
		util.printf (CVE-2008-2992) (1): [6]



