PDFiD 0.2.5 /drone/src/pdf/SEv2-c06.pdf
 PDF Header: %PDF-1.3
 obj                  214
 endobj               214
 stream                76
 endstream             76
 xref                   1
 trailer                1
 startxref              1
 /Page                 30
 /Encrypt               0
 /ObjStm                0
 /JS                    0
 /JavaScript            0
 /AA                    0
 /OpenAction            0
 /AcroForm              0
 /JBIG2Decode           0
 /RichMedia             0
 /Launch                0
 /EmbeddedFile          0
 /XFA                   0
 /URI                   0
 /Colors > 2^24         0

Triage plugin score:        0.00
Triage plugin instructions: Sample is likely not malicious, unless you suspect this is used in a targeted/sophisticated attack
Results:
Malicious: 
Clean: 1
Requires further analysis: 
number of samples: 1
PDFiD 0.2.5 /drone/src/pdf/SEv2-c06.pdf
 PDF Header: %PDF-1.3
 obj                  214
 endobj               214
 stream                76
 endstream             76
 xref                   1
 trailer                1
 startxref              1
 /Page                 30
 /Encrypt               0
 /ObjStm                0
 /JS                    0
 /JavaScript            0
 /AA                    0
 /OpenAction            0
 /AcroForm              0
 /JBIG2Decode           0
 /RichMedia             0
 /Launch                0
 /EmbeddedFile          0
 /XFA                   0
 /URI                   0
 /Colors > 2^24         0

Triage plugin score:        0.00
Triage plugin instructions: Sample is likely not malicious, unless you suspect this is used in a targeted/sophisticated attack
Results:
Malicious: 
Clean: 2
Requires further analysis: 
number of samples: 1
PDFiD 0.2.5 /drone/src/pdf/SEv2-c06.pdf
 PDF Header: %PDF-1.3
 obj                  214
 endobj               214
 stream                76
 endstream             76
 xref                   1
 trailer                1
 startxref              1
 /Page                 30
 /Encrypt               0
 /ObjStm                0
 /JS                    0
 /JavaScript            0
 /AA                    0
 /OpenAction            0
 /AcroForm              0
 /JBIG2Decode           0
 /RichMedia             0
 /Launch                0
 /EmbeddedFile          0
 /XFA                   0
 /URI                   0
 /Colors > 2^24         0

Triage plugin score:        0.00
Triage plugin instructions: Sample is likely not malicious, unless you suspect this is used in a targeted/sophisticated attack
Results:
Malicious: 
Clean: 3
Requires further analysis: 
number of samples: 1
PDFiD 0.2.5 /drone/src/pdf/SEv2-c06.pdf
 PDF Header: %PDF-1.3
 obj                  214
 endobj               214
 stream                76
 endstream             76
 xref                   1
 trailer                1
 startxref              1
 /Page                 30
 /Encrypt               0
 /ObjStm                0
 /JS                    0
 /JavaScript            0
 /AA                    0
 /OpenAction            0
 /AcroForm              0
 /JBIG2Decode           0
 /RichMedia             0
 /Launch                0
 /EmbeddedFile          0
 /XFA                   0
 /URI                   0
 /Colors > 2^24         0

Triage plugin score:        0.00
Triage plugin instructions: Sample is likely not malicious, unless you suspect this is used in a targeted/sophisticated attack
Results:
Malicious: 
Clean: 4
Requires further analysis: 
number of samples: 1
PDFiD 0.2.5 /drone/src/pdf/SEv2-c06.pdf
 PDF Header: %PDF-1.3
 obj                  214
 endobj               214
 stream                76
 endstream             76
 xref                   1
 trailer                1
 startxref              1
 /Page                 30
 /Encrypt               0
 /ObjStm                0
 /JS                    0
 /JavaScript            0
 /AA                    0
 /OpenAction            0
 /AcroForm              0
 /JBIG2Decode           0
 /RichMedia             0
 /Launch                0
 /EmbeddedFile          0
 /XFA                   0
 /URI                   0
 /Colors > 2^24         0

Triage plugin score:        0.00
Triage plugin instructions: Sample is likely not malicious, unless you suspect this is used in a targeted/sophisticated attack
Results:
Malicious: 
Clean: 5
Requires further analysis: 
number of samples: 1
PDFiD 0.2.5 /drone/src/pdf/SEv2-c06.pdf
 PDF Header: %PDF-1.3
 obj                  214
 endobj               214
 stream                76
 endstream             76
 xref                   1
 trailer                1
 startxref              1
 /Page                 30
 /Encrypt               0
 /ObjStm                0
 /JS                    0
 /JavaScript            0
 /AA                    0
 /OpenAction            0
 /AcroForm              0
 /JBIG2Decode           0
 /RichMedia             0
 /Launch                0
 /EmbeddedFile          0
 /XFA                   0
 /URI                   0
 /Colors > 2^24         0

Triage plugin score:        0.00
Triage plugin instructions: Sample is likely not malicious, unless you suspect this is used in a targeted/sophisticated attack
Results:
Malicious: 
Clean: 6
Requires further analysis: 
number of samples: 1
